<?xml version="1.0" encoding="UTF-8"?>
<testng-results skipped="0" failed="0" ignored="0" total="1" passed="1">
  <reporter-output>
  </reporter-output>
  <suite name="Default suite" duration-ms="15045" started-at="2024-08-27T23:25:50Z" finished-at="2024-08-27T23:26:05Z">
    <groups>
    </groups>
    <test name="Default test" duration-ms="15045" started-at="2024-08-27T23:25:50Z" finished-at="2024-08-27T23:26:05Z">
      <class name="TestCase.TestCase">
        <test-method status="PASS" signature="base()[pri:0, instance:TestCase.TestCase@53ca01a2]" name="base" is-config="true" duration-ms="3690" started-at="2024-08-27T23:25:50Z" finished-at="2024-08-27T23:25:54Z">
          <reporter-output>
          </reporter-output>
        </test-method> <!-- base -->
        <test-method status="PASS" signature="test1()[pri:0, instance:TestCase.TestCase@53ca01a2]" name="test1" duration-ms="10698" started-at="2024-08-27T23:25:54Z" finished-at="2024-08-27T23:26:05Z">
          <reporter-output>
          </reporter-output>
        </test-method> <!-- test1 -->
        <test-method status="PASS" signature="quite()[pri:0, instance:TestCase.TestCase@53ca01a2]" name="quite" is-config="true" duration-ms="642" started-at="2024-08-27T23:26:05Z" finished-at="2024-08-27T23:26:05Z">
          <reporter-output>
          </reporter-output>
        </test-method> <!-- quite -->
      </class> <!-- TestCase.TestCase -->
    </test> <!-- Default test -->
  </suite> <!-- Default suite -->
</testng-results>
